Performing C++ SOURCE FILE Test CMAKE_HAVE_LIBC_PTHREAD failed with the following output:
Change Dir: /root/ILAng/build/ILA-models/nvdla_cmac/build/sim_model/build/CMakeFiles/CMakeScratch/TryCompile-WPSWZd

Run Build Command(s):/usr/bin/make -f Makefile cmTC_43a1c/fast && /usr/bin/make  -f CMakeFiles/cmTC_43a1c.dir/build.make CMakeFiles/cmTC_43a1c.dir/build
make[1]: Entering directory '/root/ILAng/build/ILA-models/nvdla_cmac/build/sim_model/build/CMakeFiles/CMakeScratch/TryCompile-WPSWZd'
Building CXX object CMakeFiles/cmTC_43a1c.dir/src.cxx.o
/usr/bin/c++ -DCMAKE_HAVE_LIBC_PTHREAD   -o CMakeFiles/cmTC_43a1c.dir/src.cxx.o -c /root/ILAng/build/ILA-models/nvdla_cmac/build/sim_model/build/CMakeFiles/CMakeScratch/TryCompile-WPSWZd/src.cxx
Linking CXX executable cmTC_43a1c
/usr/bin/cmake -E cmake_link_script CMakeFiles/cmTC_43a1c.dir/link.txt --verbose=1
/usr/bin/c++ CMakeFiles/cmTC_43a1c.dir/src.cxx.o -o cmTC_43a1c 
CMakeFiles/cmTC_43a1c.dir/src.cxx.o: In function `main':
src.cxx:(.text+0x3e): undefined reference to `pthread_create'
src.cxx:(.text+0x4a): undefined reference to `pthread_detach'
src.cxx:(.text+0x56): undefined reference to `pthread_cancel'
src.cxx:(.text+0x67): undefined reference to `pthread_join'
src.cxx:(.text+0x7b): undefined reference to `pthread_atfork'
collect2: error: ld returned 1 exit status
CMakeFiles/cmTC_43a1c.dir/build.make:98: recipe for target 'cmTC_43a1c' failed
make[1]: *** [cmTC_43a1c] Error 1
make[1]: Leaving directory '/root/ILAng/build/ILA-models/nvdla_cmac/build/sim_model/build/CMakeFiles/CMakeScratch/TryCompile-WPSWZd'
Makefile:127: recipe for target 'cmTC_43a1c/fast' failed
make: *** [cmTC_43a1c/fast] Error 2


Source file was:
#include <pthread.h>

static void* test_func(void* data)
{
  return data;
}

int main(void)
{
  pthread_t thread;
  pthread_create(&thread, NULL, test_func, NULL);
  pthread_detach(thread);
  pthread_cancel(thread);
  pthread_join(thread, NULL);
  pthread_atfork(NULL, NULL, NULL);
  pthread_exit(NULL);

  return 0;
}


